[debug] [2020-02-29T09:47:11.964Z] ----------------------------------------------------------------------
[debug] [2020-02-29T09:47:11.966Z] Command:       C:\Users\DAS\Desktop\firebase-tools-instant-win.exe C:\Users\DAS\.cache\firebase\tools\lib\node_modules\firebase-tools\lib\bin\firebase serve
[debug] [2020-02-29T09:47:11.966Z] CLI Version:   7.5.0
[debug] [2020-02-29T09:47:11.966Z] Platform:      win32
[debug] [2020-02-29T09:47:11.966Z] Node Version:  v8.16.0
[debug] [2020-02-29T09:47:11.967Z] Time:          Sat Feb 29 2020 10:47:11 GMT+0100 (ora solare Europa occidentale)
[debug] [2020-02-29T09:47:11.967Z] ----------------------------------------------------------------------
[debug] 
[debug] [2020-02-29T09:47:11.973Z] > command requires scopes: ["email","openid","https://www.googleapis.com/auth/cloudplatformprojects.readonly","https://www.googleapis.com/auth/firebase","https://www.googleapis.com/auth/cloud-platform"]
[debug] [2020-02-29T09:47:11.973Z] > authorizing via signed-in user
[debug] [2020-02-29T09:47:11.973Z] [iam] checking project coronavirus-live-ncov2019 for permissions ["firebase.projects.get"]
[debug] [2020-02-29T09:47:11.974Z] >>> HTTP REQUEST POST https://cloudresourcemanager.googleapis.com/v1/projects/coronavirus-live-ncov2019:testIamPermissions  

[debug] [2020-02-29T09:47:13.253Z] <<< HTTP RESPONSE 200
[debug] [2020-02-29T09:47:13.254Z] >>> HTTP REQUEST GET https://firebase.googleapis.com/v1beta1/projects/coronavirus-live-ncov2019  
 
[debug] [2020-02-29T09:47:13.889Z] <<< HTTP RESPONSE 200
[info] 
[info] === Serving from 'C:\Users\DAS\Desktop\Progetti\Coronavirus Live'...
[info] 
[debug] [2020-02-29T09:47:13.892Z] >>> HTTP REQUEST GET https://firebase.googleapis.com/v1beta1/projects/coronavirus-live-ncov2019/webApps/-/config  
 
[debug] [2020-02-29T09:47:14.858Z] <<< HTTP RESPONSE 200
[info] i  hosting: Serving hosting files from: src
[info] +  hosting: Local server: http://localhost:5000
